[debug] [2019-03-12T09:53:14.831Z] ----------------------------------------------------------------------
[debug] [2019-03-12T09:53:14.835Z] Command:       /usr/bin/node /home/egov/npm/bin/firebase init
[debug] [2019-03-12T09:53:14.835Z] CLI Version:   6.5.0
[debug] [2019-03-12T09:53:14.835Z] Platform:      linux
[debug] [2019-03-12T09:53:14.835Z] Node Version:  v10.15.2
[debug] [2019-03-12T09:53:14.836Z] Time:          Tue Mar 12 2019 15:23:14 GMT+0530 (India Standard Time)
[debug] [2019-03-12T09:53:14.836Z] ----------------------------------------------------------------------
[debug] 
[debug] [2019-03-12T09:53:14.843Z] > command requires scopes: ["email","openid","https://www.googleapis.com/auth/cloudplatformprojects.readonly","https://www.googleapis.com/auth/firebase","https://www.googleapis.com/auth/cloud-platform"]
[debug] [2019-03-12T09:53:14.844Z] > authorizing via signed-in user
[info] 
     ######## #### ########  ######## ########     ###     ######  ########
     ##        ##  ##     ## ##       ##     ##  ##   ##  ##       ##
     ######    ##  ########  ######   ########  #########  ######  ######
     ##        ##  ##    ##  ##       ##     ## ##     ##       ## ##
     ##       #### ##     ## ######## ########  ##     ##  ######  ########

You're about to initialize a Firebase project in this directory:

  /home/egov/eGov/Full stack sessions/jira_clone_live_chat

[info] 
=== Project Setup
[info] 
[info] First, let's associate this project directory with a Firebase project.
[info] You can create multiple project aliases by running firebase use --add, 
[info] but for now we'll just set up a default project.
[info] 
[debug] [2019-03-12T09:53:22.628Z] > refreshing access token with scopes: ["email","https://www.googleapis.com/auth/cloud-platform","https://www.googleapis.com/auth/cloudplatformprojects.readonly","https://www.googleapis.com/auth/firebase","openid"]
[debug] [2019-03-12T09:53:22.630Z] >>> HTTP REQUEST POST https://www.googleapis.com/oauth2/v3/token  
 <request body omitted>
[debug] [2019-03-12T09:53:22.995Z] <<< HTTP RESPONSE 200
[debug] [2019-03-12T09:53:23.078Z] >>> HTTP REQUEST GET https://firebase.googleapis.com/v1beta1/projects?page_size=100  
 
[debug] [2019-03-12T09:53:23.667Z] <<< HTTP RESPONSE 200
